#
# There is insufficient memory for the Java Runtime Environment to continue.
# Native memory allocation (mmap) failed to map 13631488 bytes for G1 virtual space
# Possible reasons:
#   The system is out of physical RAM or swap space
#   The process is running with CompressedOops enabled, and the Java Heap may be blocking the growth of the native heap
# Possible solutions:
#   Reduce memory load on the system
#   Increase physical memory or swap space
#   Check if swap backing store is full
#   Decrease Java heap size (-Xmx/-Xms)
#   Decrease number of Java threads
#   Decrease Java thread stack sizes (-Xss)
#   Set larger code cache with -XX:ReservedCodeCacheSize=
#   JVM is running with Unscaled Compressed Oops mode in which the Java heap is
#     placed in the first 4GB address space. The Java Heap base address is the
#     maximum limit for the native heap growth. Please use -XX:HeapBaseMinAddress
#     to set the Java Heap base and to place the Java Heap above 4GB virtual address.
# This output file may be truncated or incomplete.
#
#  Out of Memory Error (os_windows.cpp:3528), pid=24732, tid=2520
#
# JRE version: Java(TM) SE Runtime Environment (20.0.2+9) (build 20.0.2+9-78)
# Java VM: Java HotSpot(TM) 64-Bit Server VM (20.0.2+9-78, mixed mode, sharing, tiered, compressed oops, compressed class ptrs, g1 gc, windows-amd64)
# No core dump will be written. Minidumps are not enabled by default on client versions of Windows
#

---------------  S U M M A R Y ------------

Command Line: --add-opens=java.base/java.util=ALL-UNNAMED --add-opens=java.base/java.lang=ALL-UNNAMED --add-opens=java.base/java.lang.invoke=ALL-UNNAMED --add-opens=java.prefs/java.util.prefs=ALL-UNNAMED --add-opens=java.base/java.nio.charset=ALL-UNNAMED --add-opens=java.base/java.net=ALL-UNNAMED --add-opens=java.base/java.util.concurrent.atomic=ALL-UNNAMED -Xmx1536m -Dfile.encoding=utf8 -Duser.country=US -Duser.language=en -Duser.variant -javaagent:C:\Users\ASUS\.gradle\wrapper\dists\gradle-8.2.1-all\d8pvvlun5bx6sdtwqhf8y9z4b\gradle-8.2.1\lib\agents\gradle-instrumentation-agent-8.2.1.jar org.gradle.launcher.daemon.bootstrap.GradleDaemon 8.2.1

Host: 11th Gen Intel(R) Core(TM) i3-1115G4 @ 3.00GHz, 4 cores, 15G,  Windows 11 , 64 bit Build 26100 (10.0.26100.7920)
Time: Thu Mar 19 18:35:03 2026 SE Asia Standard Time elapsed time: 20.744443 seconds (0d 0h 0m 20s)

---------------  T H R E A D  ---------------

Current thread (0x000001ebdd42f860):  VMThread "VM Thread" [stack: 0x000000224f700000,0x000000224f800000] [id=2520]

Stack: [0x000000224f700000,0x000000224f800000]
Native frames: (J=compiled Java code, j=interpreted, Vv=VM code, C=native code)
V  [jvm.dll+0x6bc25a]
V  [jvm.dll+0x84971a]
V  [jvm.dll+0x84b315]
V  [jvm.dll+0x84ba13]
V  [jvm.dll+0x280e4f]
V  [jvm.dll+0x6b8fe9]
V  [jvm.dll+0x6adbca]
V  [jvm.dll+0x35b165]
V  [jvm.dll+0x363386]
V  [jvm.dll+0x3b400e]
V  [jvm.dll+0x3b4295]
V  [jvm.dll+0x32b86a]
V  [jvm.dll+0x32e486]
V  [jvm.dll+0x33854e]
V  [jvm.dll+0x371dd0]
V  [jvm.dll+0x85135e]
V  [jvm.dll+0x852471]
V  [jvm.dll+0x852979]
V  [jvm.dll+0x852bf3]
V  [jvm.dll+0x7f5c76]
V  [jvm.dll+0x6baecb]
C  [ucrtbase.dll+0x37b0]
C  [KERNEL32.DLL+0x2e8d7]
C  [ntdll.dll+0x8c48c]

VM_Operation (0x000000224f3ffab0): G1PauseRemark, mode: safepoint, requested by thread 0x000001ebbfe5e6a0


---------------  P R O C E S S  ---------------

Threads class SMR info:
_java_thread_list=0x000001ec2639ae30, length=42, elements={
0x000001ebbfe076c0, 0x000001ebdd451e90, 0x000001ebdd4525e0, 0x000001ebdd4576d0,
0x000001ebdd457c20, 0x000001ebdd458170, 0x000001ebdd45c6d0, 0x000001ebdd460f60,
0x000001ebdd48a810, 0x000001ebdd41e610, 0x000001ec1eb09130, 0x000001ec240053f0,
0x000001ec24486250, 0x000001ec24483ee0, 0x000001ec241b8860, 0x000001ec241b6880,
0x000001ec241b5de0, 0x000001ec241b7320, 0x000001ec241b6330, 0x000001ec241b8db0,
0x000001ec241b6dd0, 0x000001ec241b7870, 0x000001ec241b8310, 0x000001ec241b7dc0,
0x000001ec241b9300, 0x000001ec237fd5a0, 0x000001ec237feae0, 0x000001ec237fdaf0,
0x000001ec237ffad0, 0x000001ec237fcb00, 0x000001ec237ff580, 0x000001ec237fe590,
0x000001ec237ff030, 0x000001ec237fc060, 0x000001ec237fc5b0, 0x000001ec23800ac0,
0x000001ec23803a90, 0x000001ec2630f470, 0x000001ec2630ba00, 0x000001ec2630cf40,
0x000001ec2630d490, 0x000001ec2630f9c0
}

Java Threads: ( => current thread )
  0x000001ebbfe076c0 JavaThread "main" [_thread_blocked, id=23632, stack(0x000000224f100000,0x000000224f200000)]
  0x000001ebdd451e90 JavaThread "Reference Handler" daemon [_thread_blocked, id=20952, stack(0x000000224f800000,0x000000224f900000)]
  0x000001ebdd4525e0 JavaThread "Finalizer" daemon [_thread_blocked, id=21704, stack(0x000000224f900000,0x000000224fa00000)]
  0x000001ebdd4576d0 JavaThread "Signal Dispatcher" daemon [_thread_blocked, id=24752, stack(0x000000224fa00000,0x000000224fb00000)]
  0x000001ebdd457c20 JavaThread "Attach Listener" daemon [_thread_blocked, id=2540, stack(0x000000224fb00000,0x000000224fc00000)]
  0x000001ebdd458170 JavaThread "Service Thread" daemon [_thread_blocked, id=10584, stack(0x000000224fc00000,0x000000224fd00000)]
  0x000001ebdd45c6d0 JavaThread "Monitor Deflation Thread" daemon [_thread_blocked, id=24756, stack(0x000000224fd00000,0x000000224fe00000)]
  0x000001ebdd460f60 JavaThread "C2 CompilerThread0" daemon [_thread_blocked, id=2160, stack(0x000000224fe00000,0x000000224ff00000)]
  0x000001ebdd48a810 JavaThread "C1 CompilerThread0" daemon [_thread_blocked, id=24396, stack(0x000000224ff00000,0x0000002250000000)]
  0x000001ebdd41e610 JavaThread "Common-Cleaner" daemon [_thread_blocked, id=13504, stack(0x0000002250000000,0x0000002250100000)]
  0x000001ec1eb09130 JavaThread "Notification Thread" daemon [_thread_blocked, id=23648, stack(0x0000002250100000,0x0000002250200000)]
  0x000001ec240053f0 JavaThread "Daemon health stats" [_thread_blocked, id=23980, stack(0x0000002250300000,0x0000002250400000)]
  0x000001ec24486250 JavaThread "Incoming local TCP Connector on port 52476" [_thread_in_native, id=13996, stack(0x0000002250700000,0x0000002250800000)]
  0x000001ec24483ee0 JavaThread "Daemon periodic checks" [_thread_blocked, id=17680, stack(0x0000002250800000,0x0000002250900000)]
  0x000001ec241b8860 JavaThread "Daemon" [_thread_blocked, id=18864, stack(0x0000002250900000,0x0000002250a00000)]
  0x000001ec241b6880 JavaThread "Handler for socket connection from /127.0.0.1:52476 to /127.0.0.1:52477" [_thread_in_native, id=21256, stack(0x0000002250a00000,0x0000002250b00000)]
  0x000001ec241b5de0 JavaThread "Cancel handler" [_thread_blocked, id=16424, stack(0x0000002250b00000,0x0000002250c00000)]
  0x000001ec241b7320 JavaThread "Daemon worker" [_thread_blocked, id=22820, stack(0x0000002250c00000,0x0000002250d00000)]
  0x000001ec241b6330 JavaThread "Asynchronous log dispatcher for DefaultDaemonConnection: socket connection from /127.0.0.1:52476 to /127.0.0.1:52477" [_thread_blocked, id=412, stack(0x0000002250d00000,0x0000002250e00000)]
  0x000001ec241b8db0 JavaThread "Stdin handler" [_thread_blocked, id=7228, stack(0x0000002250e00000,0x0000002250f00000)]
  0x000001ec241b6dd0 JavaThread "Daemon client event forwarder" [_thread_blocked, id=3832, stack(0x0000002250f00000,0x0000002251000000)]
  0x000001ec241b7870 JavaThread "Cache worker for journal cache (C:\Users\ASUS\.gradle\caches\journal-1)" [_thread_blocked, id=11480, stack(0x0000002251000000,0x0000002251100000)]
  0x000001ec241b8310 JavaThread "File lock request listener" [_thread_in_native, id=24964, stack(0x0000002251100000,0x0000002251200000)]
  0x000001ec241b7dc0 JavaThread "Cache worker for file hash cache (C:\Users\ASUS\.gradle\caches\8.2.1\fileHashes)" [_thread_blocked, id=12352, stack(0x0000002251200000,0x0000002251300000)]
  0x000001ec241b9300 JavaThread "File watcher server" daemon [_thread_in_native, id=24196, stack(0x0000002251400000,0x0000002251500000)]
  0x000001ec237fd5a0 JavaThread "File watcher consumer" daemon [_thread_blocked, id=5532, stack(0x0000002251500000,0x0000002251600000)]
  0x000001ec237feae0 JavaThread "jar transforms" [_thread_blocked, id=15972, stack(0x0000002251600000,0x0000002251700000)]
  0x000001ec237fdaf0 JavaThread "jar transforms Thread 2" [_thread_blocked, id=22252, stack(0x0000002251700000,0x0000002251800000)]
  0x000001ec237ffad0 JavaThread "jar transforms Thread 3" [_thread_blocked, id=1492, stack(0x0000002251800000,0x0000002251900000)]
  0x000001ec237fcb00 JavaThread "Cache worker for checksums cache (D:\CongNgheMoi\ChatMeNowFE\android\.gradle\8.2.1\checksums)" [_thread_blocked, id=24448, stack(0x0000002251900000,0x0000002251a00000)]
  0x000001ec237ff580 JavaThread "Cache worker for cache directory md-rule (C:\Users\ASUS\.gradle\caches\8.2.1\md-rule)" [_thread_blocked, id=5640, stack(0x0000002251a00000,0x0000002251b00000)]
  0x000001ec237fe590 JavaThread "Cache worker for file content cache (C:\Users\ASUS\.gradle\caches\8.2.1\fileContent)" [_thread_blocked, id=13740, stack(0x0000002251b00000,0x0000002251c00000)]
  0x000001ec237ff030 JavaThread "Cache worker for file hash cache (D:\CongNgheMoi\ChatMeNowFE\android\.gradle\8.2.1\fileHashes)" [_thread_blocked, id=9592, stack(0x0000002251c00000,0x0000002251d00000)]
  0x000001ec237fc060 JavaThread "Cache worker for cache directory md-supplier (C:\Users\ASUS\.gradle\caches\8.2.1\md-supplier)" [_thread_blocked, id=19364, stack(0x0000002251d00000,0x0000002251e00000)]
  0x000001ec237fc5b0 JavaThread "Cache worker for execution history cache (C:\Users\ASUS\.gradle\caches\8.2.1\executionHistory)" [_thread_blocked, id=18312, stack(0x0000002251e00000,0x0000002251f00000)]
  0x000001ec23800ac0 JavaThread "jar transforms Thread 4" [_thread_blocked, id=17612, stack(0x0000002251f00000,0x0000002252000000)]
  0x000001ec23803a90 JavaThread "Cache worker for dependencies-accessors (D:\CongNgheMoi\ChatMeNowFE\android\.gradle\8.2.1\dependencies-accessors)" [_thread_blocked, id=23184, stack(0x0000002251300000,0x0000002251400000)]
  0x000001ec2630f470 JavaThread "Cache worker for Build Output Cleanup Cache (D:\CongNgheMoi\ChatMeNowFE\android\.gradle\buildOutputCleanup)" [_thread_blocked, id=22004, stack(0x0000002252000000,0x0000002252100000)]
  0x000001ec2630ba00 JavaThread "Unconstrained build operations" [_thread_blocked, id=23664, stack(0x0000002252100000,0x0000002252200000)]
  0x000001ec2630cf40 JavaThread "Unconstrained build operations Thread 2" [_thread_blocked, id=5592, stack(0x0000002252200000,0x0000002252300000)]
  0x000001ec2630d490 JavaThread "Unconstrained build operations Thread 3" [_thread_blocked, id=20572, stack(0x0000002252300000,0x0000002252400000)]
  0x000001ec2630f9c0 JavaThread "Memory manager" [_thread_blocked, id=10652, stack(0x0000002252500000,0x0000002252600000)]

Other Threads:
=>0x000001ebdd42f860 VMThread "VM Thread" [stack: 0x000000224f700000,0x000000224f800000] [id=2520]
  0x000001ec1eb01d00 WatcherThread "VM Periodic Task Thread" [stack: 0x0000002250200000,0x0000002250300000] [id=20540]
  0x000001ebbfd4e840 WorkerThread "GC Thread#0" [stack: 0x000000224f200000,0x000000224f300000] [id=21432]
  0x000001ec23085930 WorkerThread "GC Thread#1" [stack: 0x0000002250400000,0x0000002250500000] [id=24784]
  0x000001ec23085c00 WorkerThread "GC Thread#2" [stack: 0x0000002250500000,0x0000002250600000] [id=17476]
  0x000001ec1ebacdf0 WorkerThread "GC Thread#3" [stack: 0x0000002250600000,0x0000002250700000] [id=11256]
  0x000001ebbfe5e6a0 ConcurrentGCThread "G1 Main Marker" [stack: 0x000000224f300000,0x000000224f400000] [id=24612]
  0x000001ebbfe5fe50 WorkerThread "G1 Conc#0" [stack: 0x000000224f400000,0x000000224f500000] [id=3216]
  0x000001ebdd368ea0 ConcurrentGCThread "G1 Refine#0" [stack: 0x000000224f500000,0x000000224f600000] [id=23996]
  0x000001ebdd36a210 ConcurrentGCThread "G1 Service" [stack: 0x000000224f600000,0x000000224f700000] [id=17908]

Threads with active compile tasks:
C2 CompilerThread0    20765 7831   !   4       org.codehaus.groovy.reflection.stdclasses.CachedSAMClass::hasUsableImplementation (72 bytes)

VM state: at safepoint (normal execution)

VM Mutex/Monitor currently owned by a thread:  ([mutex/lock_event])
[0x000001ebbfe04190] Threads_lock - owner thread: 0x000001ebdd42f860
[0x000001ebbfe05810] Heap_lock - owner thread: 0x000001ebbfe5e6a0

Heap address: 0x00000000a0000000, size: 1536 MB, Compressed Oops mode: 32-bit

CDS archive(s) mapped at: [0x000001ebdd800000-0x000001ebde460000-0x000001ebde460000), size 12976128, SharedBaseAddress: 0x000001ebdd800000, ArchiveRelocationMode: 1.
Compressed class space mapped at: 0x000001ebde800000-0x000001ec1e800000, reserved size: 1073741824
Narrow klass base: 0x000001ebdd800000, Narrow klass shift: 0, Narrow klass range: 0x100000000

GC Precious Log:
 CardTable entry size: 512
 Card Set container configuration: InlinePtr #cards 5 size 8 Array Of Cards #cards 12 size 40 Howl #buckets 4 coarsen threshold 1843 Howl Bitmap #cards 512 size 80 coarsen threshold 460 Card regions per heap region 1 cards per card region 2048
 CPUs: 4 total, 4 available
 Memory: 16078M
 Large Page Support: Disabled
 NUMA Support: Disabled
 Compressed Oops: Enabled (32-bit)
 Heap Region Size: 1M
 Heap Min Capacity: 8M
 Heap Initial Capacity: 252M
 Heap Max Capacity: 1536M
 Pre-touch: Disabled
 Parallel Workers: 4
 Concurrent Workers: 1
 Concurrent Refinement Workers: 4
 Periodic GC: Disabled

Heap:
 garbage-first heap   total 101376K, used 66092K [0x00000000a0000000, 0x0000000100000000)
  region size 1024K, 7 young (7168K), 4 survivors (4096K)
 Metaspace       used 61615K, committed 63552K, reserved 1114112K
  class space    used 8472K, committed 9408K, reserved 1048576K

Heap Regions: E=young(eden), S=young(survivor), O=old, HS=humongous(starts), HC=humongous(continues), CS=collection set, F=free, OA=open archive, CA=closed archive, TAMS=top-at-mark-start, PB=parsable bottom
|   0|0x00000000a0000000, 0x00000000a0100000, 0x00000000a0100000|100%| O|  |TAMS 0x00000000a0100000| PB 0x00000000a0100000| Untracked 
|   1|0x00000000a0100000, 0x00000000a0200000, 0x00000000a0200000|100%| O|  |TAMS 0x00000000a0200000| PB 0x00000000a0200000| Untracked 
|   2|0x00000000a0200000, 0x00000000a0300000, 0x00000000a0300000|100%|HS|  |TAMS 0x00000000a0300000| PB 0x00000000a0200000| Complete 
|   3|0x00000000a0300000, 0x00000000a0400000, 0x00000000a0400000|100%|HC|  |TAMS 0x00000000a0400000| PB 0x00000000a0300000| Complete 
|   4|0x00000000a0400000, 0x00000000a0500000, 0x00000000a0500000|100%|HC|  |TAMS 0x00000000a0500000| PB 0x00000000a0400000| Complete 
|   5|0x00000000a0500000, 0x00000000a0600000, 0x00000000a0600000|100%|HC|  |TAMS 0x00000000a0600000| PB 0x00000000a0500000| Complete 
|   6|0x00000000a0600000, 0x00000000a0700000, 0x00000000a0700000|100%| O|  |TAMS 0x00000000a0700000| PB 0x00000000a0700000| Untracked 
|   7|0x00000000a0700000, 0x00000000a0800000, 0x00000000a0800000|100%| O|  |TAMS 0x00000000a0800000| PB 0x00000000a0800000| Updating 
|   8|0x00000000a0800000, 0x00000000a0900000, 0x00000000a0900000|100%| O|  |TAMS 0x00000000a0900000| PB 0x00000000a0900000| Untracked 
|   9|0x00000000a0900000, 0x00000000a0a00000, 0x00000000a0a00000|100%| O|  |TAMS 0x00000000a0a00000| PB 0x00000000a0a00000| Untracked 
|  10|0x00000000a0a00000, 0x00000000a0b00000, 0x00000000a0b00000|100%| O|  |TAMS 0x00000000a0b00000| PB 0x00000000a0b00000| Untracked 
|  11|0x00000000a0b00000, 0x00000000a0c00000, 0x00000000a0c00000|100%| O|  |TAMS 0x00000000a0c00000| PB 0x00000000a0c00000| Untracked 
|  12|0x00000000a0c00000, 0x00000000a0d00000, 0x00000000a0d00000|100%| O|  |TAMS 0x00000000a0d00000| PB 0x00000000a0d00000| Updating 
|  13|0x00000000a0d00000, 0x00000000a0e00000, 0x00000000a0e00000|100%| O|  |TAMS 0x00000000a0e00000| PB 0x00000000a0e00000| Untracked 
|  14|0x00000000a0e00000, 0x00000000a0f00000, 0x00000000a0f00000|100%| O|  |TAMS 0x00000000a0f00000| PB 0x00000000a0f00000| Untracked 
|  15|0x00000000a0f00000, 0x00000000a1000000, 0x00000000a1000000|100%| O|  |TAMS 0x00000000a1000000| PB 0x00000000a1000000| Untracked 
|  16|0x00000000a1000000, 0x00000000a1100000, 0x00000000a1100000|100%| O|  |TAMS 0x00000000a1100000| PB 0x00000000a1100000| Untracked 
|  17|0x00000000a1100000, 0x00000000a1200000, 0x00000000a1200000|100%| O|  |TAMS 0x00000000a1200000| PB 0x00000000a1200000| Untracked 
|  18|0x00000000a1200000, 0x00000000a1300000, 0x00000000a1300000|100%| O|  |TAMS 0x00000000a1300000| PB 0x00000000a1300000| Untracked 
|  19|0x00000000a1300000, 0x00000000a1400000, 0x00000000a1400000|100%| O|  |TAMS 0x00000000a1400000| PB 0x00000000a1400000| Untracked 
|  20|0x00000000a1400000, 0x00000000a1500000, 0x00000000a1500000|100%| O|  |TAMS 0x00000000a1500000| PB 0x00000000a1500000| Untracked 
|  21|0x00000000a1500000, 0x00000000a1600000, 0x00000000a1600000|100%| O|  |TAMS 0x00000000a1600000| PB 0x00000000a1600000| Updating 
|  22|0x00000000a1600000, 0x00000000a1700000, 0x00000000a1700000|100%| O|  |TAMS 0x00000000a1700000| PB 0x00000000a1700000| Updating 
|  23|0x00000000a1700000, 0x00000000a1800000, 0x00000000a1800000|100%| O|  |TAMS 0x00000000a1800000| PB 0x00000000a1800000| Untracked 
|  24|0x00000000a1800000, 0x00000000a1900000, 0x00000000a1900000|100%| O|  |TAMS 0x00000000a1900000| PB 0x00000000a1900000| Untracked 
|  25|0x00000000a1900000, 0x00000000a1a00000, 0x00000000a1a00000|100%| O|  |TAMS 0x00000000a1a00000| PB 0x00000000a1a00000| Updating 
|  26|0x00000000a1a00000, 0x00000000a1b00000, 0x00000000a1b00000|100%|HS|  |TAMS 0x00000000a1b00000| PB 0x00000000a1a00000| Complete 
|  27|0x00000000a1b00000, 0x00000000a1c00000, 0x00000000a1c00000|100%| O|  |TAMS 0x00000000a1c00000| PB 0x00000000a1c00000| Untracked 
|  28|0x00000000a1c00000, 0x00000000a1d00000, 0x00000000a1d00000|100%| O|  |TAMS 0x00000000a1d00000| PB 0x00000000a1d00000| Untracked 
|  29|0x00000000a1d00000, 0x00000000a1e00000, 0x00000000a1e00000|100%| O|  |TAMS 0x00000000a1e00000| PB 0x00000000a1e00000| Untracked 
|  30|0x00000000a1e00000, 0x00000000a1f00000, 0x00000000a1f00000|100%| O|  |TAMS 0x00000000a1f00000| PB 0x00000000a1f00000| Untracked 
|  31|0x00000000a1f00000, 0x00000000a2000000, 0x00000000a2000000|100%| O|  |TAMS 0x00000000a2000000| PB 0x00000000a2000000| Untracked 
|  32|0x00000000a2000000, 0x00000000a2100000, 0x00000000a2100000|100%| O|  |TAMS 0x00000000a2100000| PB 0x00000000a2100000| Untracked 
|  33|0x00000000a2100000, 0x00000000a2200000, 0x00000000a2200000|100%| O|  |TAMS 0x00000000a2200000| PB 0x00000000a2200000| Untracked 
|  34|0x00000000a2200000, 0x00000000a2300000, 0x00000000a2300000|100%|HS|  |TAMS 0x00000000a2300000| PB 0x00000000a2200000| Complete 
|  35|0x00000000a2300000, 0x00000000a2400000, 0x00000000a2400000|100%|HS|  |TAMS 0x00000000a2400000| PB 0x00000000a2300000| Complete 
|  36|0x00000000a2400000, 0x00000000a2500000, 0x00000000a2500000|100%| O|  |TAMS 0x00000000a2500000| PB 0x00000000a2500000| Untracked 
|  37|0x00000000a2500000, 0x00000000a2600000, 0x00000000a2600000|100%| O|  |TAMS 0x00000000a2600000| PB 0x00000000a2600000| Untracked 
|  38|0x00000000a2600000, 0x00000000a2700000, 0x00000000a2700000|100%| O|  |TAMS 0x00000000a2700000| PB 0x00000000a2700000| Untracked 
|  39|0x00000000a2700000, 0x00000000a2800000, 0x00000000a2800000|100%| O|  |TAMS 0x00000000a2800000| PB 0x00000000a2800000| Untracked 
|  40|0x00000000a2800000, 0x00000000a2900000, 0x00000000a2900000|100%| O|  |TAMS 0x00000000a2900000| PB 0x00000000a2900000| Untracked 
|  41|0x00000000a2900000, 0x00000000a2a00000, 0x00000000a2a00000|100%|HS|  |TAMS 0x00000000a2a00000| PB 0x00000000a2900000| Complete 
|  42|0x00000000a2a00000, 0x00000000a2b00000, 0x00000000a2b00000|100%|HS|  |TAMS 0x00000000a2b00000| PB 0x00000000a2a00000| Complete 
|  43|0x00000000a2b00000, 0x00000000a2c00000, 0x00000000a2c00000|100%| O|  |TAMS 0x00000000a2c00000| PB 0x00000000a2c00000| Untracked 
|  44|0x00000000a2c00000, 0x00000000a2d00000, 0x00000000a2d00000|100%| O|  |TAMS 0x00000000a2d00000| PB 0x00000000a2d00000| Updating 
|  45|0x00000000a2d00000, 0x00000000a2e00000, 0x00000000a2e00000|100%| O|  |TAMS 0x00000000a2e00000| PB 0x00000000a2e00000| Untracked 
|  46|0x00000000a2e00000, 0x00000000a2e00000, 0x00000000a2f00000|  0%| F|  |TAMS 0x00000000a2e00000| PB 0x00000000a2e00000| Untracked 
|  47|0x00000000a2f00000, 0x00000000a3000000, 0x00000000a3000000|100%| O|  |TAMS 0x00000000a3000000| PB 0x00000000a3000000| Untracked 
|  48|0x00000000a3000000, 0x00000000a3100000, 0x00000000a3100000|100%| O|  |TAMS 0x00000000a3100000| PB 0x00000000a3100000| Updating 
|  49|0x00000000a3100000, 0x00000000a3200000, 0x00000000a3200000|100%| O|  |TAMS 0x00000000a3200000| PB 0x00000000a3200000| Untracked 
|  50|0x00000000a3200000, 0x00000000a3300000, 0x00000000a3300000|100%| O|  |TAMS 0x00000000a3300000| PB 0x00000000a3300000| Untracked 
|  51|0x00000000a3300000, 0x00000000a3400000, 0x00000000a3400000|100%| O|  |TAMS 0x00000000a3400000| PB 0x00000000a3400000| Untracked 
|  52|0x00000000a3400000, 0x00000000a3430000, 0x00000000a3500000| 18%| O|  |TAMS 0x00000000a3430000| PB 0x00000000a3430000| Updating 
|  53|0x00000000a3500000, 0x00000000a3500000, 0x00000000a3600000|  0%| F|  |TAMS 0x00000000a3500000| PB 0x00000000a3500000| Untracked 
|  54|0x00000000a3600000, 0x00000000a3600000, 0x00000000a3700000|  0%| F|  |TAMS 0x00000000a3600000| PB 0x00000000a3600000| Untracked 
|  55|0x00000000a3700000, 0x00000000a3700000, 0x00000000a3800000|  0%| F|  |TAMS 0x00000000a3700000| PB 0x00000000a3700000| Untracked 
|  56|0x00000000a3800000, 0x00000000a3800000, 0x00000000a3900000|  0%| F|  |TAMS 0x00000000a3800000| PB 0x00000000a3800000| Untracked 
|  57|0x00000000a3900000, 0x00000000a3900000, 0x00000000a3a00000|  0%| F|  |TAMS 0x00000000a3900000| PB 0x00000000a3900000| Untracked 
|  58|0x00000000a3a00000, 0x00000000a3b00000, 0x00000000a3b00000|100%| O|  |TAMS 0x00000000a3b00000| PB 0x00000000a3b00000| Untracked 
|  59|0x00000000a3b00000, 0x00000000a3c00000, 0x00000000a3c00000|100%| O|  |TAMS 0x00000000a3c00000| PB 0x00000000a3c00000| Untracked 
|  60|0x00000000a3c00000, 0x00000000a3c00000, 0x00000000a3d00000|  0%| F|  |TAMS 0x00000000a3c00000| PB 0x00000000a3c00000| Untracked 
|  61|0x00000000a3d00000, 0x00000000a3d5b1e0, 0x00000000a3e00000| 35%| S|CS|TAMS 0x00000000a3d00000| PB 0x00000000a3d00000| Complete 
|  62|0x00000000a3e00000, 0x00000000a3f00000, 0x00000000a3f00000|100%| S|CS|TAMS 0x00000000a3e00000| PB 0x00000000a3e00000| Complete 
|  63|0x00000000a3f00000, 0x00000000a4000000, 0x00000000a4000000|100%| S|CS|TAMS 0x00000000a3f00000| PB 0x00000000a3f00000| Complete 
|  64|0x00000000a4000000, 0x00000000a4100000, 0x00000000a4100000|100%| S|CS|TAMS 0x00000000a4000000| PB 0x00000000a4000000| Complete 
|  65|0x00000000a4100000, 0x00000000a4100000, 0x00000000a4200000|  0%| F|  |TAMS 0x00000000a4100000| PB 0x00000000a4100000| Untracked 
|  66|0x00000000a4200000, 0x00000000a4200000, 0x00000000a4300000|  0%| F|  |TAMS 0x00000000a4200000| PB 0x00000000a4200000| Untracked 
|  67|0x00000000a4300000, 0x00000000a4300000, 0x00000000a4400000|  0%| F|  |TAMS 0x00000000a4300000| PB 0x00000000a4300000| Untracked 
|  68|0x00000000a4400000, 0x00000000a4400000, 0x00000000a4500000|  0%| F|  |TAMS 0x00000000a4400000| PB 0x00000000a4400000| Untracked 
|  69|0x00000000a4500000, 0x00000000a4500000, 0x00000000a4600000|  0%| F|  |TAMS 0x00000000a4500000| PB 0x00000000a4500000| Untracked 
|  70|0x00000000a4600000, 0x00000000a4600000, 0x00000000a4700000|  0%| F|  |TAMS 0x00000000a4600000| PB 0x00000000a4600000| Untracked 
|  71|0x00000000a4700000, 0x00000000a4700000, 0x00000000a4800000|  0%| F|  |TAMS 0x00000000a4700000| PB 0x00000000a4700000| Untracked 
|  72|0x00000000a4800000, 0x00000000a4800000, 0x00000000a4900000|  0%| F|  |TAMS 0x00000000a4800000| PB 0x00000000a4800000| Untracked 
|  73|0x00000000a4900000, 0x00000000a4900000, 0x00000000a4a00000|  0%| F|  |TAMS 0x00000000a4900000| PB 0x00000000a4900000| Untracked 
|  74|0x00000000a4a00000, 0x00000000a4a00000, 0x00000000a4b00000|  0%| F|  |TAMS 0x00000000a4a00000| PB 0x00000000a4a00000| Untracked 
|  75|0x00000000a4b00000, 0x00000000a4b00000, 0x00000000a4c00000|  0%| F|  |TAMS 0x00000000a4b00000| PB 0x00000000a4b00000| Untracked 
|  76|0x00000000a4c00000, 0x00000000a4c00000, 0x00000000a4d00000|  0%| F|  |TAMS 0x00000000a4c00000| PB 0x00000000a4c00000| Untracked 
|  77|0x00000000a4d00000, 0x00000000a4d00000, 0x00000000a4e00000|  0%| F|  |TAMS 0x00000000a4d00000| PB 0x00000000a4d00000| Untracked 
|  78|0x00000000a4e00000, 0x00000000a4e00000, 0x00000000a4f00000|  0%| F|  |TAMS 0x00000000a4e00000| PB 0x00000000a4e00000| Untracked 
| 137|0x00000000a8900000, 0x00000000a8900000, 0x00000000a8a00000|  0%| F|  |TAMS 0x00000000a8900000| PB 0x00000000a8900000| Untracked 
| 138|0x00000000a8a00000, 0x00000000a8a00000, 0x00000000a8b00000|  0%| F|  |TAMS 0x00000000a8a00000| PB 0x00000000a8a00000| Untracked 
| 139|0x00000000a8b00000, 0x00000000a8b00000, 0x00000000a8c00000|  0%| F|  |TAMS 0x00000000a8b00000| PB 0x00000000a8b00000| Untracked 
| 140|0x00000000a8c00000, 0x00000000a8c00000, 0x00000000a8d00000|  0%| F|  |TAMS 0x00000000a8c00000| PB 0x00000000a8c00000| Untracked 
| 141|0x00000000a8d00000, 0x00000000a8d00000, 0x00000000a8e00000|  0%| F|  |TAMS 0x00000000a8d00000| PB 0x00000000a8d00000| Untracked 
| 142|0x00000000a8e00000, 0x00000000a8e00000, 0x00000000a8f00000|  0%| F|  |TAMS 0x00000000a8e00000| PB 0x00000000a8e00000| Untracked 
| 143|0x00000000a8f00000, 0x00000000a8f00000, 0x00000000a9000000|  0%| F|  |TAMS 0x00000000a8f00000| PB 0x00000000a8f00000| Untracked 
| 144|0x00000000a9000000, 0x00000000a9000000, 0x00000000a9100000|  0%| F|  |TAMS 0x00000000a9000000| PB 0x00000000a9000000| Untracked 
| 145|0x00000000a9100000, 0x00000000a9100000, 0x00000000a9200000|  0%| F|  |TAMS 0x00000000a9100000| PB 0x00000000a9100000| Untracked 
| 146|0x00000000a9200000, 0x00000000a9200000, 0x00000000a9300000|  0%| F|  |TAMS 0x00000000a9200000| PB 0x00000000a9200000| Untracked 
| 147|0x00000000a9300000, 0x00000000a9300000, 0x00000000a9400000|  0%| F|  |TAMS 0x00000000a9300000| PB 0x00000000a9300000| Untracked 
| 148|0x00000000a9400000, 0x00000000a9480800, 0x00000000a9500000| 50%| E|  |TAMS 0x00000000a9400000| PB 0x00000000a9400000| Complete 
| 250|0x00000000afa00000, 0x00000000afb00000, 0x00000000afb00000|100%| E|CS|TAMS 0x00000000afa00000| PB 0x00000000afa00000| Complete 
| 251|0x00000000afb00000, 0x00000000afc00000, 0x00000000afc00000|100%| E|CS|TAMS 0x00000000afb00000| PB 0x00000000afb00000| Complete 
|1530|0x00000000ffa00000, 0x00000000ffb00000, 0x00000000ffb00000|100%| O|  |TAMS 0x00000000ffb00000| PB 0x00000000ffb00000| Updating 
|1531|0x00000000ffb00000, 0x00000000ffc00000, 0x00000000ffc00000|100%| O|  |TAMS 0x00000000ffc00000| PB 0x00000000ffc00000| Untracked 
|1532|0x00000000ffc00000, 0x00000000ffd00000, 0x00000000ffd00000|100%| O|  |TAMS 0x00000000ffd00000| PB 0x00000000ffd00000| Untracked 
|1533|0x00000000ffd00000, 0x00000000ffe00000, 0x00000000ffe00000|100%| O|  |TAMS 0x00000000ffe00000| PB 0x00000000ffe00000| Untracked 
|1534|0x00000000ffe00000, 0x00000000fff00000, 0x00000000fff00000|100%| O|  |TAMS 0x00000000fff00000| PB 0x00000000fff00000| Untracked 
|1535|0x00000000fff00000, 0x0000000100000000, 0x0000000100000000|100%| O|  |TAMS 0x0000000100000000| PB 0x0000000100000000| Untracked 

Card table byte_map: [0x000001ebd9010000,0x000001ebd9310000] _byte_map_base: 0x000001ebd8b10000

Marking Bits: (CMBitMap*) 0x000001ebbfe52000
 Bits: [0x000001ebd9610000, 0x000001ebdae10000)

Polling page: 0x000001ebbfec0000

Metaspace:

Usage:
  Non-class:     51.90 MB used.
      Class:      8.27 MB used.
       Both:     60.17 MB used.

Virtual space:
  Non-class space:       64.00 MB reserved,      52.88 MB ( 83%) committed,  1 nodes.
      Class space:        1.00 GB reserved,       9.19 MB ( <1%) committed,  1 nodes.
             Both:        1.06 GB reserved,      62.06 MB (  6%) committed. 

Chunk freelists:
   Non-Class:  2.80 MB
       Class:  2.83 MB
        Both:  5.63 MB

MaxMetaspaceSize: unlimited
CompressedClassSpaceSize: 1.00 GB
Initial GC threshold: 21.00 MB
Current GC threshold: 96.50 MB
CDS: on
MetaspaceReclaimPolicy: balanced
 - commit_granule_bytes: 65536.
 - commit_granule_words: 8192.
 - virtual_space_node_default_size: 8388608.
 - enlarge_chunks_in_place: 1.
 - new_chunks_are_fully_committed: 0.
 - uncommit_free_chunks: 1.
 - use_allocation_guard: 0.


Internal statistics:

num_allocs_failed_limit: 6.
num_arena_births: 3282.
num_arena_deaths: 0.
num_vsnodes_births: 2.
num_vsnodes_deaths: 0.
num_space_committed: 993.
num_space_uncommitted: 0.
num_chunks_returned_to_freelist: 6.
num_chunks_taken_from_freelist: 6049.
num_chunk_merges: 6.
num_chunk_splits: 3930.
num_chunks_enlarged: 2374.
num_inconsistent_stats: 0.

CodeHeap 'non-profiled nmethods': size=120000Kb used=3832Kb max_used=3924Kb free=116167Kb
 bounds [0x000001ebd12b0000, 0x000001ebd1690000, 0x000001ebd87e0000]
CodeHeap 'profiled nmethods': size=120000Kb used=12469Kb max_used=12853Kb free=107530Kb
 bounds [0x000001ebc97e0000, 0x000001ebca480000, 0x000001ebd0d10000]
CodeHeap 'non-nmethods': size=5760Kb used=3042Kb max_used=3093Kb free=2717Kb
 bounds [0x000001ebd0d10000, 0x000001ebd1020000, 0x000001ebd12b0000]
 total_blobs=7555 nmethods=6665 adapters=799
 compilation: enabled
              stopped_count=0, restarted_count=0
 full_count=0

Compilation events (20 events):
Event: 20.675 Thread 0x000001ebdd460f60 nmethod 7816 0x000001ebd167f590 code [0x000001ebd167f8a0, 0x000001ebd1681fb8]
Event: 20.675 Thread 0x000001ebdd460f60 7819       4       java.lang.StringConcatHelper::simpleConcat (94 bytes)
Event: 20.682 Thread 0x000001ebdd460f60 nmethod 7819 0x000001ebd1683410 code [0x000001ebd16835c0, 0x000001ebd1683bd0]
Event: 20.682 Thread 0x000001ebdd460f60 7817       4       org.codehaus.groovy.runtime.metaclass.MetaMethodIndex::isOverridden (120 bytes)
Event: 20.687 Thread 0x000001ebdd460f60 nmethod 7817 0x000001ebd1684190 code [0x000001ebd1684380, 0x000001ebd16848e0]
Event: 20.704 Thread 0x000001ebdd460f60 7830       4       java.lang.PublicMethods$MethodList::getMostSpecific (63 bytes)
Event: 20.706 Thread 0x000001ebdd460f60 nmethod 7830 0x000001ebd1684e90 code [0x000001ebd1685000, 0x000001ebd16851b0]
Event: 20.709 Thread 0x000001ebdd460f60 7831   !   4       org.codehaus.groovy.reflection.stdclasses.CachedSAMClass::hasUsableImplementation (72 bytes)
Event: 20.721 Thread 0x000001ebdd48a810 7835       3       java.util.stream.Nodes$SpinedNodeBuilder::begin (38 bytes)
Event: 20.721 Thread 0x000001ebdd48a810 nmethod 7835 0x000001ebc98b0690 code [0x000001ebc98b0840, 0x000001ebc98b0a58]
Event: 20.721 Thread 0x000001ebdd48a810 7840       3       java.util.stream.SpinedBuffer::copyInto (129 bytes)
Event: 20.721 Thread 0x000001ebdd48a810 nmethod 7840 0x000001ebc9c3ed90 code [0x000001ebc9c3efc0, 0x000001ebc9c3fa58]
Event: 20.721 Thread 0x000001ebdd48a810 7836       3       java.util.stream.Nodes$SpinedNodeBuilder::build (25 bytes)
Event: 20.721 Thread 0x000001ebdd48a810 nmethod 7836 0x000001ebc9ef0b90 code [0x000001ebc9ef0d20, 0x000001ebc9ef0e40]
Event: 20.721 Thread 0x000001ebdd48a810 7837       3       java.util.stream.Nodes$SpinedNodeBuilder::asArray (29 bytes)
Event: 20.722 Thread 0x000001ebdd48a810 nmethod 7837 0x000001ebc9c3ea10 code [0x000001ebc9c3eba0, 0x000001ebc9c3ecf0]
Event: 20.722 Thread 0x000001ebdd48a810 7838       3       java.util.stream.SpinedBuffer::asArray (46 bytes)
Event: 20.722 Thread 0x000001ebdd48a810 nmethod 7838 0x000001ebc9c3e010 code [0x000001ebc9c3e1e0, 0x000001ebc9c3e808]
Event: 20.722 Thread 0x000001ebdd48a810 7839       3       java.util.stream.Nodes$SpinedNodeBuilder::copyInto (30 bytes)
Event: 20.722 Thread 0x000001ebdd48a810 nmethod 7839 0x000001ebc9c3dc90 code [0x000001ebc9c3de20, 0x000001ebc9c3df70]

GC Heap History (20 events):
Event: 11.879 GC heap before
{Heap before GC invocations=10 (full 0):
 garbage-first heap   total 89088K, used 75328K [0x00000000a0000000, 0x0000000100000000)
  region size 1024K, 45 young (46080K), 6 survivors (6144K)
 Metaspace       used 41654K, committed 43072K, reserved 1114112K
  class space    used 5850K, committed 6528K, reserved 1048576K
}
Event: 11.891 GC heap after
{Heap after GC invocations=11 (full 0):
 garbage-first heap   total 89088K, used 37945K [0x00000000a0000000, 0x0000000100000000)
  region size 1024K, 4 young (4096K), 4 survivors (4096K)
 Metaspace       used 41654K, committed 43072K, reserved 1114112K
  class space    used 5850K, committed 6528K, reserved 1048576K
}
Event: 12.971 GC heap before
{Heap before GC invocations=11 (full 0):
 garbage-first heap   total 89088K, used 77881K [0x00000000a0000000, 0x0000000100000000)
  region size 1024K, 42 young (43008K), 4 survivors (4096K)
 Metaspace       used 45677K, committed 47296K, reserved 1114112K
  class space    used 6377K, committed 7168K, reserved 1048576K
}
Event: 12.976 GC heap after
{Heap after GC invocations=12 (full 0):
 garbage-first heap   total 89088K, used 39938K [0x00000000a0000000, 0x0000000100000000)
  region size 1024K, 6 young (6144K), 6 survivors (6144K)
 Metaspace       used 45677K, committed 47296K, reserved 1114112K
  class space    used 6377K, committed 7168K, reserved 1048576K
}
Event: 14.974 GC heap before
{Heap before GC invocations=12 (full 0):
 garbage-first heap   total 89088K, used 79874K [0x00000000a0000000, 0x0000000100000000)
  region size 1024K, 42 young (43008K), 6 survivors (6144K)
 Metaspace       used 47591K, committed 49216K, reserved 1114112K
  class space    used 6596K, committed 7360K, reserved 1048576K
}
Event: 14.981 GC heap after
{Heap after GC invocations=13 (full 0):
 garbage-first heap   total 94208K, used 49836K [0x00000000a0000000, 0x0000000100000000)
  region size 1024K, 6 young (6144K), 6 survivors (6144K)
 Metaspace       used 47591K, committed 49216K, reserved 1114112K
  class space    used 6596K, committed 7360K, reserved 1048576K
}
Event: 15.378 GC heap before
{Heap before GC invocations=13 (full 0):
 garbage-first heap   total 94208K, used 58028K [0x00000000a0000000, 0x0000000100000000)
  region size 1024K, 15 young (15360K), 6 survivors (6144K)
 Metaspace       used 48139K, committed 49856K, reserved 1114112K
  class space    used 6680K, committed 7552K, reserved 1048576K
}
Event: 15.387 GC heap after
{Heap after GC invocations=14 (full 0):
 garbage-first heap   total 94208K, used 51798K [0x00000000a0000000, 0x0000000100000000)
  region size 1024K, 2 young (2048K), 2 survivors (2048K)
 Metaspace       used 48139K, committed 49856K, reserved 1114112K
  class space    used 6680K, committed 7552K, reserved 1048576K
}
Event: 16.396 GC heap before
{Heap before GC invocations=15 (full 0):
 garbage-first heap   total 94208K, used 84566K [0x00000000a0000000, 0x0000000100000000)
  region size 1024K, 32 young (32768K), 2 survivors (2048K)
 Metaspace       used 50697K, committed 52416K, reserved 1114112K
  class space    used 7026K, committed 7872K, reserved 1048576K
}
Event: 16.399 GC heap after
{Heap after GC invocations=16 (full 0):
 garbage-first heap   total 94208K, used 55684K [0x00000000a0000000, 0x0000000100000000)
  region size 1024K, 4 young (4096K), 4 survivors (4096K)
 Metaspace       used 50697K, committed 52416K, reserved 1114112K
  class space    used 7026K, committed 7872K, reserved 1048576K
}
Event: 17.199 GC heap before
{Heap before GC invocations=16 (full 0):
 garbage-first heap   total 94208K, used 83332K [0x00000000a0000000, 0x0000000100000000)
  region size 1024K, 31 young (31744K), 4 survivors (4096K)
 Metaspace       used 53728K, committed 55488K, reserved 1114112K
  class space    used 7378K, committed 8256K, reserved 1048576K
}
Event: 17.203 GC heap after
{Heap after GC invocations=17 (full 0):
 garbage-first heap   total 94208K, used 55701K [0x00000000a0000000, 0x0000000100000000)
  region size 1024K, 3 young (3072K), 3 survivors (3072K)
 Metaspace       used 53728K, committed 55488K, reserved 1114112K
  class space    used 7378K, committed 8256K, reserved 1048576K
}
Event: 18.295 GC heap before
{Heap before GC invocations=17 (full 0):
 garbage-first heap   total 94208K, used 84373K [0x00000000a0000000, 0x0000000100000000)
  region size 1024K, 31 young (31744K), 3 survivors (3072K)
 Metaspace       used 57377K, committed 59264K, reserved 1114112K
  class space    used 7903K, committed 8832K, reserved 1048576K
}
Event: 18.300 GC heap after
{Heap after GC invocations=18 (full 0):
 garbage-first heap   total 94208K, used 58285K [0x00000000a0000000, 0x0000000100000000)
  region size 1024K, 4 young (4096K), 4 survivors (4096K)
 Metaspace       used 57377K, committed 59264K, reserved 1114112K
  class space    used 7903K, committed 8832K, reserved 1048576K
}
Event: 19.072 GC heap before
{Heap before GC invocations=19 (full 0):
 garbage-first heap   total 101376K, used 89005K [0x00000000a0000000, 0x0000000100000000)
  region size 1024K, 28 young (28672K), 4 survivors (4096K)
 Metaspace       used 58218K, committed 60096K, reserved 1114112K
  class space    used 8029K, committed 8960K, reserved 1048576K
}
Event: 19.077 GC heap after
{Heap after GC invocations=20 (full 0):
 garbage-first heap   total 101376K, used 61398K [0x00000000a0000000, 0x0000000100000000)
  region size 1024K, 4 young (4096K), 4 survivors (4096K)
 Metaspace       used 58218K, committed 60096K, reserved 1114112K
  class space    used 8029K, committed 8960K, reserved 1048576K
}
Event: 19.973 GC heap before
{Heap before GC invocations=20 (full 0):
 garbage-first heap   total 101376K, used 90070K [0x00000000a0000000, 0x0000000100000000)
  region size 1024K, 33 young (33792K), 4 survivors (4096K)
 Metaspace       used 60469K, committed 62464K, reserved 1114112K
  class space    used 8317K, committed 9280K, reserved 1048576K
}
Event: 19.977 GC heap after
{Heap after GC invocations=21 (full 0):
 garbage-first heap   total 101376K, used 62563K [0x00000000a0000000, 0x0000000100000000)
  region size 1024K, 2 young (2048K), 2 survivors (2048K)
 Metaspace       used 60469K, committed 62464K, reserved 1114112K
  class space    used 8317K, committed 9280K, reserved 1048576K
}
Event: 20.646 GC heap before
{Heap before GC invocations=21 (full 0):
 garbage-first heap   total 101376K, used 90211K [0x00000000a0000000, 0x0000000100000000)
  region size 1024K, 30 young (30720K), 2 survivors (2048K)
 Metaspace       used 61611K, committed 63552K, reserved 1114112K
  class space    used 8472K, committed 9408K, reserved 1048576K
}
Event: 20.649 GC heap after
{Heap after GC invocations=22 (full 0):
 garbage-first heap   total 101376K, used 64044K [0x00000000a0000000, 0x0000000100000000)
  region size 1024K, 4 young (4096K), 4 survivors (4096K)
 Metaspace       used 61611K, committed 63552K, reserved 1114112K
  class space    used 8472K, committed 9408K, reserved 1048576K
}

Dll operation events (15 events):
Event: 0.046 Loaded shared library C:\Program Files\Java\jdk-20\bin\java.dll
Event: 0.089 Loaded shared library C:\Program Files\Java\jdk-20\bin\jsvml.dll
Event: 0.272 Loaded shared library C:\Program Files\Java\jdk-20\bin\zip.dll
Event: 0.282 Loaded shared library C:\Program Files\Java\jdk-20\bin\instrument.dll
Event: 0.287 Loaded shared library C:\Program Files\Java\jdk-20\bin\net.dll
Event: 0.290 Loaded shared library C:\Program Files\Java\jdk-20\bin\nio.dll
Event: 0.295 Loaded shared library C:\Program Files\Java\jdk-20\bin\zip.dll
Event: 0.831 Loaded shared library C:\Program Files\Java\jdk-20\bin\jimage.dll
Event: 0.910 Loaded shared library C:\Program Files\Java\jdk-20\bin\verify.dll
Event: 1.135 Loaded shared library C:\Users\ASUS\.gradle\native\68d5fa5c4cc2d200863cafc0d521ce42e7d3e7ee720ec0a83991735586a16f82\windows-amd64\native-platform.dll
Event: 1.159 Loaded shared library C:\Users\ASUS\.gradle\native\e376f236ea51e6404a007f0833ffe2c6e607c4080706a723a18a27aeea778392\windows-amd64\native-platform-file-events.dll
Event: 2.915 Loaded shared library C:\Program Files\Java\jdk-20\bin\management.dll
Event: 2.929 Loaded shared library C:\Program Files\Java\jdk-20\bin\management_ext.dll
Event: 3.569 Loaded shared library C:\Program Files\Java\jdk-20\bin\extnet.dll
Event: 4.466 Loaded shared library C:\Program Files\Java\jdk-20\bin\sunmscapi.dll

Deoptimization events (20 events):
Event: 19.057 Thread 0x000001ec241b7320 Uncommon trap: trap_request=0xffffff45 fr.pc=0x000001ebd156ba44 relative=0x0000000000002204
Event: 19.057 Thread 0x000001ec241b7320 Uncommon trap: reason=unstable_if action=reinterpret pc=0x000001ebd156ba44 method=java.util.regex.Pattern.compile()V @ 133 c2
Event: 19.057 Thread 0x000001ec241b7320 DEOPT PACKING pc=0x000001ebd156ba44 sp=0x0000002250cf5be0
Event: 19.057 Thread 0x000001ec241b7320 DEOPT UNPACKING pc=0x000001ebd0d2d2a2 sp=0x0000002250cf5bc8 mode 2
Event: 19.934 Thread 0x000001ec241b7320 Uncommon trap: trap_request=0xffffff45 fr.pc=0x000001ebd1552318 relative=0x0000000000000118
Event: 19.935 Thread 0x000001ec241b7320 Uncommon trap: reason=unstable_if action=reinterpret pc=0x000001ebd1552318 method=org.objectweb.asm.ByteVector.putInt(I)Lorg/objectweb/asm/ByteVector; @ 13 c2
Event: 19.935 Thread 0x000001ec241b7320 DEOPT PACKING pc=0x000001ebd1552318 sp=0x0000002250cf6740
Event: 19.935 Thread 0x000001ec241b7320 DEOPT UNPACKING pc=0x000001ebd0d2d2a2 sp=0x0000002250cf66c8 mode 2
Event: 20.177 Thread 0x000001ec241b7320 Uncommon trap: trap_request=0xffffff45 fr.pc=0x000001ebd155ccd8 relative=0x0000000000000318
Event: 20.177 Thread 0x000001ec241b7320 Uncommon trap: reason=unstable_if action=reinterpret pc=0x000001ebd155ccd8 method=org.gradle.internal.reflect.PropertyAccessorType.of(Ljava/lang/reflect/Method;)Lorg/gradle/internal/reflect/PropertyAccessorType; @ 56 c2
Event: 20.177 Thread 0x000001ec241b7320 DEOPT PACKING pc=0x000001ebd155ccd8 sp=0x0000002250cf6c20
Event: 20.177 Thread 0x000001ec241b7320 DEOPT UNPACKING pc=0x000001ebd0d2d2a2 sp=0x0000002250cf6be0 mode 2
Event: 20.527 Thread 0x000001ec241b7320 Uncommon trap: trap_request=0xffffff45 fr.pc=0x000001ebd1590224 relative=0x00000000000003e4
Event: 20.527 Thread 0x000001ec241b7320 Uncommon trap: reason=unstable_if action=reinterpret pc=0x000001ebd1590224 method=java.util.StringJoiner.add(Ljava/lang/CharSequence;)Ljava/util/StringJoiner; @ 33 c2
Event: 20.527 Thread 0x000001ec241b7320 DEOPT PACKING pc=0x000001ebd1590224 sp=0x0000002250cf6f30
Event: 20.527 Thread 0x000001ec241b7320 DEOPT UNPACKING pc=0x000001ebd0d2d2a2 sp=0x0000002250cf6ee0 mode 2
Event: 20.706 Thread 0x000001ec241b7320 Uncommon trap: trap_request=0xfffffff4 fr.pc=0x000001ebd16850fc relative=0x00000000000000fc
Event: 20.706 Thread 0x000001ec241b7320 Uncommon trap: reason=null_check action=make_not_entrant pc=0x000001ebd16850fc method=java.lang.PublicMethods$MethodList.getMostSpecific()Ljava/lang/reflect/Method; @ 41 c2
Event: 20.706 Thread 0x000001ec241b7320 DEOPT PACKING pc=0x000001ebd16850fc sp=0x0000002250cf4e00
Event: 20.708 Thread 0x000001ec241b7320 DEOPT UNPACKING pc=0x000001ebd0d2d2a2 sp=0x0000002250cf4d78 mode 2

Classes loaded (20 events):
Event: 18.506 Loading class java/security/cert/CertPathValidatorException$BasicReason
Event: 18.506 Loading class java/security/cert/CertPathValidatorException$Reason
Event: 18.506 Loading class java/security/cert/CertPathValidatorException$Reason done
Event: 18.506 Loading class java/security/cert/CertPathValidatorException$BasicReason done
Event: 18.506 Loading class java/security/SignatureException
Event: 18.507 Loading class java/security/SignatureException done
Event: 18.588 Loading class sun/security/provider/DSA$SHA256withDSA
Event: 18.590 Loading class sun/security/provider/DSA$SHA256withDSA done
Event: 18.914 Loading class java/security/KeyStore$ProtectionParameter
Event: 18.914 Loading class java/security/KeyStore$ProtectionParameter done
Event: 19.112 Loading class java/lang/foreign/ValueLayout
Event: 19.114 Loading class java/lang/foreign/MemoryLayout
Event: 19.115 Loading class java/lang/foreign/MemoryLayout done
Event: 19.115 Loading class java/lang/foreign/ValueLayout done
Event: 19.655 Loading class java/security/KeyStore
Event: 19.656 Loading class java/security/KeyStore done
Event: 20.107 Loading class javax/xml/stream/XMLStreamException
Event: 20.108 Loading class javax/xml/stream/XMLStreamException done
Event: 20.174 Loading class sun/reflect/annotation/AnnotationInvocationHandler$1
Event: 20.174 Loading class sun/reflect/annotation/AnnotationInvocationHandler$1 done

Classes unloaded (0 events):
No events

Classes redefined (0 events):
No events

Internal exceptions (20 events):
Event: 17.606 Thread 0x000001ec241b7320 Exception <a 'java/lang/NoSuchMethodError'{0x00000000a8e5d880}: 'java.lang.Object java.lang.invoke.DirectMethodHandle$Holder.invokeSpecial(java.lang.Object, java.lang.Object, java.lang.Object, java.lang.Object, java.lang.Object, java.lang.Object, java.lang.Object, java.lang.Object, java.lang.Object, java.lang.Object, java.lang.Object, java.lang.Object, java.lang.Object, java.lang.Object, java.lang.Object, java.lang.Object, java.lang.Object)'> (0x00000000a8e5d880) 
thrown [s\open\src\hotspot\share\interpret
Event: 17.606 Thread 0x000001ec241b7320 Exception <a 'java/lang/NoSuchMethodError'{0x00000000a8e63700}: 'java.lang.Object java.lang.invoke.DelegatingMethodHandle$Holder.reinvoke_L(java.lang.Object, java.lang.Object, java.lang.Object, java.lang.Object, java.lang.Object, java.lang.Object, java.lang.Object, java.lang.Object, java.lang.Object, java.lang.Object, java.lang.Object, java.lang.Object, java.lang.Object, java.lang.Object, java.lang.Object, java.lang.Object)'> (0x00000000a8e63700) 
thrown [s\open\src\hotspot\share\interpreter\linkResolver.c
Event: 17.757 Thread 0x000001ec241b7320 Exception <a 'java/lang/IncompatibleClassChangeError'{0x00000000a8aa1ed0}: Found class java.lang.Object, but interface was expected> (0x00000000a8aa1ed0) 
thrown [s\open\src\hotspot\share\interpreter\linkResolver.cpp, line 840]
Event: 18.055 Thread 0x000001ec241b7320 Implicit null exception at 0x000001ebd157e666 to 0x000001ebd157e6d4
Event: 18.055 Thread 0x000001ec241b7320 Implicit null exception at 0x000001ebd150c2c4 to 0x000001ebd150e91c
Event: 18.056 Thread 0x000001ec241b7320 Exception <a 'java/lang/IncompatibleClassChangeError'{0x00000000a45d9ff0}: Found class java.lang.Object, but interface was expected> (0x00000000a45d9ff0) 
thrown [s\open\src\hotspot\share\interpreter\linkResolver.cpp, line 840]
Event: 18.056 Thread 0x000001ec241b7320 Exception <a 'java/lang/NoSuchMethodError'{0x00000000a45dc2d0}: 'long java.lang.invoke.DelegatingMethodHandle$Holder.reinvoke_L(java.lang.Object, java.lang.Object)'> (0x00000000a45dc2d0) 
thrown [s\open\src\hotspot\share\interpreter\linkResolver.cpp, line 773]
Event: 18.057 Thread 0x000001ec241b7320 Exception <a 'java/lang/IncompatibleClassChangeError'{0x00000000a45e7950}: Found class java.lang.Object, but interface was expected> (0x00000000a45e7950) 
thrown [s\open\src\hotspot\share\interpreter\linkResolver.cpp, line 840]
Event: 20.517 Thread 0x000001ec241b7320 Exception <a 'java/lang/ClassNotFoundException'{0x00000000a4b32248}: com/android/build/gradle/internal/dsl/BaseAppModuleExtension_DecoratedBeanInfo> (0x00000000a4b32248) 
thrown [s\open\src\hotspot\share\classfile\systemDictionary.cpp, line 305]
Event: 20.518 Thread 0x000001ec241b7320 Exception <a 'java/lang/ClassNotFoundException'{0x00000000a4b3cc58}: com/android/build/gradle/internal/dsl/BaseAppModuleExtensionBeanInfo> (0x00000000a4b3cc58) 
thrown [s\open\src\hotspot\share\classfile\systemDictionary.cpp, line 305]
Event: 20.518 Thread 0x000001ec241b7320 Exception <a 'java/lang/ClassNotFoundException'{0x00000000a4b47350}: com/android/build/gradle/AppExtensionBeanInfo> (0x00000000a4b47350) 
thrown [s\open\src\hotspot\share\classfile\systemDictionary.cpp, line 305]
Event: 20.518 Thread 0x000001ec241b7320 Exception <a 'java/lang/ClassNotFoundException'{0x00000000a4b52600}: com/android/build/gradle/AbstractAppExtensionBeanInfo> (0x00000000a4b52600) 
thrown [s\open\src\hotspot\share\classfile\systemDictionary.cpp, line 305]
Event: 20.519 Thread 0x000001ec241b7320 Exception <a 'java/lang/ClassNotFoundException'{0x00000000a4b5ddc8}: com/android/build/gradle/TestedExtensionBeanInfo> (0x00000000a4b5ddc8) 
thrown [s\open\src\hotspot\share\classfile\systemDictionary.cpp, line 305]
Event: 20.519 Thread 0x000001ec241b7320 Exception <a 'java/lang/ClassNotFoundException'{0x00000000a4b69500}: com/android/build/gradle/BaseExtensionBeanInfo> (0x00000000a4b69500) 
thrown [s\open\src\hotspot\share\classfile\systemDictionary.cpp, line 305]
Event: 20.519 Thread 0x000001ec241b7320 Exception <a 'java/lang/ClassNotFoundException'{0x00000000a4b74f40}: com/android/build/gradle/BaseExtensionCustomizer> (0x00000000a4b74f40) 
thrown [s\open\src\hotspot\share\classfile\systemDictionary.cpp, line 305]
Event: 20.529 Thread 0x000001ec241b7320 Exception <a 'java/lang/ClassNotFoundException'{0x00000000a4bd8170}: com/android/build/gradle/TestedExtensionCustomizer> (0x00000000a4bd8170) 
thrown [s\open\src\hotspot\share\classfile\systemDictionary.cpp, line 305]
Event: 20.530 Thread 0x000001ec241b7320 Exception <a 'java/lang/ClassNotFoundException'{0x00000000a4bfc8f8}: com/android/build/gradle/AbstractAppExtensionCustomizer> (0x00000000a4bfc8f8) 
thrown [s\open\src\hotspot\share\classfile\systemDictionary.cpp, line 305]
Event: 20.531 Thread 0x000001ec241b7320 Exception <a 'java/lang/ClassNotFoundException'{0x00000000a4a1d638}: com/android/build/gradle/AppExtensionCustomizer> (0x00000000a4a1d638) 
thrown [s\open\src\hotspot\share\classfile\systemDictionary.cpp, line 305]
Event: 20.532 Thread 0x000001ec241b7320 Exception <a 'java/lang/ClassNotFoundException'{0x00000000a4a3c8a0}: com/android/build/gradle/internal/dsl/BaseAppModuleExtensionCustomizer> (0x00000000a4a3c8a0) 
thrown [s\open\src\hotspot\share\classfile\systemDictionary.cpp, line 305]
Event: 20.540 Thread 0x000001ec241b7320 Exception <a 'java/lang/ClassNotFoundException'{0x00000000a491d8c8}: com/android/build/gradle/internal/dsl/BaseAppModuleExtension_DecoratedCustomizer> (0x00000000a491d8c8) 
thrown [s\open\src\hotspot\share\classfile\systemDictionary.cpp, line 305]

VM Operations (20 events):
Event: 17.203 Executing VM operation: G1CollectForAllocation done
Event: 17.900 Executing VM operation: HandshakeAllThreads
Event: 17.900 Executing VM operation: HandshakeAllThreads done
Event: 18.091 Executing VM operation: ICBufferFull
Event: 18.091 Executing VM operation: ICBufferFull done
Event: 18.295 Executing VM operation: G1CollectForAllocation
Event: 18.300 Executing VM operation: G1CollectForAllocation done
Event: 18.374 Executing VM operation: G1PauseRemark
Event: 18.410 Executing VM operation: G1PauseRemark done
Event: 18.437 Executing VM operation: G1PauseCleanup
Event: 18.452 Executing VM operation: G1PauseCleanup done
Event: 18.458 Executing VM operation: HandshakeAllThreads
Event: 18.458 Executing VM operation: HandshakeAllThreads done
Event: 19.071 Executing VM operation: G1CollectForAllocation
Event: 19.077 Executing VM operation: G1CollectForAllocation done
Event: 19.973 Executing VM operation: G1CollectForAllocation
Event: 19.978 Executing VM operation: G1CollectForAllocation done
Event: 20.646 Executing VM operation: G1CollectForAllocation
Event: 20.650 Executing VM operation: G1CollectForAllocation done
Event: 20.738 Executing VM operation: G1PauseRemark

Events (20 events):
Event: 20.742 Thread 0x000001ebdd42f860 flushing nmethod 0x000001ebd15c5310
Event: 20.742 Thread 0x000001ebdd42f860 flushing nmethod 0x000001ebd1577190
Event: 20.742 Thread 0x000001ebdd42f860 flushing nmethod 0x000001ebd1570f90
Event: 20.742 Thread 0x000001ebdd42f860 flushing nmethod 0x000001ebd150b910
Event: 20.742 Thread 0x000001ebdd42f860 flushing nmethod 0x000001ebd157e490
Event: 20.742 Thread 0x000001ebdd42f860 flushing nmethod 0x000001ebd1500310
Event: 20.742 Thread 0x000001ebdd42f860 flushing nmethod 0x000001ebd14c9210
Event: 20.742 Thread 0x000001ebdd42f860 flushing nmethod 0x000001ebd14a1410
Event: 20.742 Thread 0x000001ebdd42f860 flushing nmethod 0x000001ebd14c6810
Event: 20.742 Thread 0x000001ebdd42f860 flushing nmethod 0x000001ebd1492210
Event: 20.742 Thread 0x000001ebdd42f860 flushing nmethod 0x000001ebd1471210
Event: 20.742 Thread 0x000001ebdd42f860 flushing nmethod 0x000001ebd1425f90
Event: 20.742 Thread 0x000001ebdd42f860 flushing nmethod 0x000001ebd140b010
Event: 20.742 Thread 0x000001ebdd42f860 flushing nmethod 0x000001ebd13e9910
Event: 20.742 Thread 0x000001ebdd42f860 flushing nmethod 0x000001ebd13e9510
Event: 20.742 Thread 0x000001ebdd42f860 flushing nmethod 0x000001ebd1300090
Event: 20.742 Thread 0x000001ebdd42f860 flushing nmethod 0x000001ebd1344210
Event: 20.742 Thread 0x000001ebdd42f860 flushing nmethod 0x000001ebd1327f10
Event: 20.742 Thread 0x000001ebdd42f860 flushing nmethod 0x000001ebd1321890
Event: 20.742 Thread 0x000001ebdd42f860 flushing nmethod 0x000001ebd1316410


Dynamic libraries:
0x00007ff605c40000 - 0x00007ff605c50000 	C:\Program Files\Java\jdk-20\bin\java.exe
0x00007ff983340000 - 0x00007ff9835a7000 	C:\WINDOWS\SYSTEM32\ntdll.dll
0x00007ff981bd0000 - 0x00007ff981c99000 	C:\WINDOWS\System32\KERNEL32.DLL
0x00007ff9808f0000 - 0x00007ff980ce1000 	C:\WINDOWS\System32\KERNELBASE.dll
0x00007ff980eb0000 - 0x00007ff980ffb000 	C:\WINDOWS\System32\ucrtbase.dll
0x00007ff969b60000 - 0x00007ff969b79000 	C:\Program Files\Java\jdk-20\bin\jli.dll
0x00007ff968680000 - 0x00007ff96869b000 	C:\Program Files\Java\jdk-20\bin\VCRUNTIME140.dll
0x00007ff981970000 - 0x00007ff981a2b000 	C:\WINDOWS\System32\ADVAPI32.dll
0x00007ff982c00000 - 0x00007ff982ca9000 	C:\WINDOWS\System32\msvcrt.dll
0x00007ff981630000 - 0x00007ff9816d7000 	C:\WINDOWS\System32\sechost.dll
0x00007ff982690000 - 0x00007ff9827a8000 	C:\WINDOWS\System32\RPCRT4.dll
0x00007ff9816e0000 - 0x00007ff9818a5000 	C:\WINDOWS\System32\USER32.dll
0x00007ff9810b0000 - 0x00007ff9810d7000 	C:\WINDOWS\System32\win32u.dll
0x00007ff981600000 - 0x00007ff98162b000 	C:\WINDOWS\System32\GDI32.dll
0x00007ff980cf0000 - 0x00007ff980e1b000 	C:\WINDOWS\System32\gdi32full.dll
0x00007ff980840000 - 0x00007ff9808e3000 	C:\WINDOWS\System32\msvcp_win.dll
0x00007ff96a560000 - 0x00007ff96a7f3000 	C:\WINDOWS\WinSxS\amd64_microsoft.windows.common-controls_6595b64144ccf1df_6.0.26100.8037_none_3e092faae333b53b\COMCTL32.dll
0x00007ff96d450000 - 0x00007ff96d45b000 	C:\WINDOWS\SYSTEM32\VERSION.dll
0x00007ff982d70000 - 0x00007ff982da1000 	C:\WINDOWS\System32\IMM32.DLL
0x00007ff978440000 - 0x00007ff97844c000 	C:\Program Files\Java\jdk-20\bin\vcruntime140_1.dll
0x00007ff949c10000 - 0x00007ff949c9e000 	C:\Program Files\Java\jdk-20\bin\msvcp140.dll
0x00007ff88f260000 - 0x00007ff88fef8000 	C:\Program Files\Java\jdk-20\bin\server\jvm.dll
0x00007ff9586e0000 - 0x00007ff9586ea000 	C:\WINDOWS\SYSTEM32\WSOCK32.dll
0x00007ff982db0000 - 0x00007ff982e24000 	C:\WINDOWS\System32\WS2_32.dll
0x00007ff9673a0000 - 0x00007ff9673d5000 	C:\WINDOWS\SYSTEM32\WINMM.dll
0x00007ff97e9b0000 - 0x00007ff97e9cb000 	C:\WINDOWS\SYSTEM32\kernel.appcore.dll
0x00007ff969b50000 - 0x00007ff969b5a000 	C:\Program Files\Java\jdk-20\bin\jimage.dll
0x00007ff97b2a0000 - 0x00007ff97b4e2000 	C:\WINDOWS\SYSTEM32\DBGHELP.DLL
0x00007ff981270000 - 0x00007ff9815f2000 	C:\WINDOWS\System32\combase.dll
0x00007ff981170000 - 0x00007ff981247000 	C:\WINDOWS\System32\OLEAUT32.dll
0x00007ff9609e0000 - 0x00007ff960a1b000 	C:\WINDOWS\SYSTEM32\dbgcore.DLL
0x00007ff981000000 - 0x00007ff9810a5000 	C:\WINDOWS\System32\bcryptPrimitives.dll
0x00007ff9686c0000 - 0x00007ff9686ce000 	C:\Program Files\Java\jdk-20\bin\instrument.dll
0x00007ff94a640000 - 0x00007ff94a666000 	C:\Program Files\Java\jdk-20\bin\java.dll
0x00007ff945310000 - 0x00007ff9453e7000 	C:\Program Files\Java\jdk-20\bin\jsvml.dll
0x00007ff981f20000 - 0x00007ff98267f000 	C:\WINDOWS\System32\SHELL32.dll
0x00007ff97fc20000 - 0x00007ff97fd8a000 	C:\WINDOWS\System32\wintypes.dll
0x00007ff97ffd0000 - 0x00007ff980834000 	C:\WINDOWS\System32\windows.storage.dll
0x00007ff982920000 - 0x00007ff982a17000 	C:\WINDOWS\System32\SHCORE.dll
0x00007ff982d00000 - 0x00007ff982d67000 	C:\WINDOWS\System32\shlwapi.dll
0x00007ff97fb40000 - 0x00007ff97fb69000 	C:\WINDOWS\SYSTEM32\profapi.dll
0x00007ff954730000 - 0x00007ff954748000 	C:\Program Files\Java\jdk-20\bin\zip.dll
0x00007ff951540000 - 0x00007ff951553000 	C:\Program Files\Java\jdk-20\bin\net.dll
0x00007ff971510000 - 0x00007ff971637000 	C:\WINDOWS\SYSTEM32\WINHTTP.dll
0x00007ff97ef20000 - 0x00007ff97ef8b000 	C:\WINDOWS\system32\mswsock.dll
0x00007ff949e00000 - 0x00007ff949e16000 	C:\Program Files\Java\jdk-20\bin\nio.dll
0x00007ff9530f0000 - 0x00007ff953100000 	C:\Program Files\Java\jdk-20\bin\verify.dll
0x00007ff9498e0000 - 0x00007ff949907000 	C:\Users\ASUS\.gradle\native\68d5fa5c4cc2d200863cafc0d521ce42e7d3e7ee720ec0a83991735586a16f82\windows-amd64\native-platform.dll
0x00007ff8cebd0000 - 0x00007ff8ced14000 	C:\Users\ASUS\.gradle\native\e376f236ea51e6404a007f0833ffe2c6e607c4080706a723a18a27aeea778392\windows-amd64\native-platform-file-events.dll
0x00007ff94d890000 - 0x00007ff94d89a000 	C:\Program Files\Java\jdk-20\bin\management.dll
0x00007ff94d280000 - 0x00007ff94d28b000 	C:\Program Files\Java\jdk-20\bin\management_ext.dll
0x00007ff9828b0000 - 0x00007ff9828b8000 	C:\WINDOWS\System32\PSAPI.DLL
0x00007ff97f200000 - 0x00007ff97f21b000 	C:\WINDOWS\SYSTEM32\CRYPTSP.dll
0x00007ff97e910000 - 0x00007ff97e949000 	C:\WINDOWS\system32\rsaenh.dll
0x00007ff97efd0000 - 0x00007ff97f002000 	C:\WINDOWS\SYSTEM32\USERENV.dll
0x00007ff97fb10000 - 0x00007ff97fb3a000 	C:\WINDOWS\SYSTEM32\bcrypt.dll
0x00007ff97f220000 - 0x00007ff97f22c000 	C:\WINDOWS\SYSTEM32\CRYPTBASE.dll
0x00007ff97e430000 - 0x00007ff97e463000 	C:\WINDOWS\SYSTEM32\IPHLPAPI.DLL
0x00007ff9810e0000 - 0x00007ff9810ea000 	C:\WINDOWS\System32\NSI.dll
0x00007ff9720f0000 - 0x00007ff97210d000 	C:\WINDOWS\SYSTEM32\dhcpcsvc6.DLL
0x00007ff9720c0000 - 0x00007ff9720e3000 	C:\WINDOWS\SYSTEM32\dhcpcsvc.DLL
0x00007ff97e470000 - 0x00007ff97e59a000 	C:\WINDOWS\SYSTEM32\DNSAPI.dll
0x00007ff94b330000 - 0x00007ff94b337000 	C:\Program Files\Java\jdk-20\bin\extnet.dll
0x00007ff94a770000 - 0x00007ff94a77e000 	C:\Program Files\Java\jdk-20\bin\sunmscapi.dll
0x00007ff97fd90000 - 0x00007ff97ff07000 	C:\WINDOWS\System32\CRYPT32.dll
0x00007ff97f420000 - 0x00007ff97f450000 	C:\WINDOWS\SYSTEM32\ncrypt.dll
0x00007ff97f3d0000 - 0x00007ff97f40f000 	C:\WINDOWS\SYSTEM32\NTASN1.dll
0x00007ff951b60000 - 0x00007ff951b68000 	C:\WINDOWS\system32\wshunix.dll

dbghelp: loaded successfully - version: 4.0.5 - missing functions: none
symbol engine: initialized successfully - sym options: 0x614 - pdb path: .;C:\Program Files\Java\jdk-20\bin;C:\WINDOWS\SYSTEM32;C:\WINDOWS\WinSxS\amd64_microsoft.windows.common-controls_6595b64144ccf1df_6.0.26100.8037_none_3e092faae333b53b;C:\Program Files\Java\jdk-20\bin\server;C:\Users\ASUS\.gradle\native\68d5fa5c4cc2d200863cafc0d521ce42e7d3e7ee720ec0a83991735586a16f82\windows-amd64;C:\Users\ASUS\.gradle\native\e376f236ea51e6404a007f0833ffe2c6e607c4080706a723a18a27aeea778392\windows-amd64

VM Arguments:
jvm_args: --add-opens=java.base/java.util=ALL-UNNAMED --add-opens=java.base/java.lang=ALL-UNNAMED --add-opens=java.base/java.lang.invoke=ALL-UNNAMED --add-opens=java.prefs/java.util.prefs=ALL-UNNAMED --add-opens=java.base/java.nio.charset=ALL-UNNAMED --add-opens=java.base/java.net=ALL-UNNAMED --add-opens=java.base/java.util.concurrent.atomic=ALL-UNNAMED -Xmx1536m -Dfile.encoding=utf8 -Duser.country=US -Duser.language=en -Duser.variant -javaagent:C:\Users\ASUS\.gradle\wrapper\dists\gradle-8.2.1-all\d8pvvlun5bx6sdtwqhf8y9z4b\gradle-8.2.1\lib\agents\gradle-instrumentation-agent-8.2.1.jar 
java_command: org.gradle.launcher.daemon.bootstrap.GradleDaemon 8.2.1
java_class_path (initial): C:\Users\ASUS\.gradle\wrapper\dists\gradle-8.2.1-all\d8pvvlun5bx6sdtwqhf8y9z4b\gradle-8.2.1\lib\gradle-launcher-8.2.1.jar
Launcher Type: SUN_STANDARD

[Global flags]
     intx CICompilerCount                          = 3                                         {product} {ergonomic}
     uint ConcGCThreads                            = 1                                         {product} {ergonomic}
     uint G1ConcRefinementThreads                  = 4                                         {product} {ergonomic}
   size_t G1HeapRegionSize                         = 1048576                                   {product} {ergonomic}
    uintx GCDrainStackTargetSize                   = 64                                        {product} {ergonomic}
   size_t InitialHeapSize                          = 264241152                                 {product} {ergonomic}
   size_t MarkStackSize                            = 4194304                                   {product} {ergonomic}
   size_t MaxHeapSize                              = 1610612736                                {product} {command line}
   size_t MaxNewSize                               = 965738496                                 {product} {ergonomic}
   size_t MinHeapDeltaBytes                        = 1048576                                   {product} {ergonomic}
   size_t MinHeapSize                              = 8388608                                   {product} {ergonomic}
    uintx NonNMethodCodeHeapSize                   = 5832780                                {pd product} {ergonomic}
    uintx NonProfiledCodeHeapSize                  = 122912730                              {pd product} {ergonomic}
    uintx ProfiledCodeHeapSize                     = 122912730                              {pd product} {ergonomic}
    uintx ReservedCodeCacheSize                    = 251658240                              {pd product} {ergonomic}
     bool SegmentedCodeCache                       = true                                      {product} {ergonomic}
   size_t SoftMaxHeapSize                          = 1610612736                             {manageable} {ergonomic}
     bool UseCompressedClassPointers               = true                           {product lp64_product} {ergonomic}
     bool UseCompressedOops                        = true                           {product lp64_product} {ergonomic}
     bool UseG1GC                                  = true                                      {product} {ergonomic}
     bool UseLargePagesIndividualAllocation        = false                                  {pd product} {ergonomic}

Logging:
Log output configuration:
 #0: stdout all=warning uptime,level,tags foldmultilines=false
 #1: stderr all=off uptime,level,tags foldmultilines=false

Environment Variables:
JAVA_HOME=C:\Program Files\Java\jdk-20
PATH=C:\Users\ASUS\AppData\Local\Programs\Microsoft VS Code;C:\Program Files\Common Files\Oracle\Java\javapath;C:\MinGW\bin;C:\WINDOWS\system32;C:\WINDOWS;C:\WINDOWS\System32\Wbem;C:\WINDOWS\System32\WindowsPowerShell\v1.0\;C:\WINDOWS\System32\OpenSSH\;C:\Program Files\Java\jdk-20\bin;C:\Program Files\Azure Data Studio\bin;C:\Program Files (x86)\Microsoft SQL Server\160\Tools\Binn\;C:\Program Files\Microsoft SQL Server\160\Tools\Binn\;C:\Program Files\Microsoft SQL Server\Client SDK\ODBC\170\Tools\Binn\;C:\Program Files\Microsoft SQL Server\160\DTS\Binn\;C:\Program Files (x86)\Microsoft SQL Server\160\DTS\Binn\;D:\mongoshell\mongosh-2.1.5-win32-x64\bin;C:\Program Files\MongoDB\Tools\100\bin;C:\Program Files\MongoDB\Server\7.0\bin;C:\Program Files\Git\cmd;C:\Program Files\Go\bin;C:\Program Files\nodejs;C:\Program Files\dotnet\;;C:\Program Files\Docker\Docker\resources\bin;C:\Users\ASUS\AppData\Local\Programs\Python\Launcher\;C:\Users\ASUS\AppData\Local\Microsoft\WindowsApps;C:\Users\ASUS\AppData\Local\Programs\Microsoft VS Code\bin;C:\Users\ASUS\AppData\Local\GitHubDesktop\bin;C:\Users\ASUS\go\bin;D:\App\IntelliJ IDEA 2025.2.4\bin;C:\Users\ASUS\AppData\Local\Microsoft\WinGet\Packages\Schniz.fnm_Microsoft.Winget.Source_8wekyb3d8bbwe;C:\Users\ASUS\AppData\Roaming\npm;D:\DataGrip 2025.2.1\bin;C:\Users\ASUS\.dotnet\tools;D:\App\Antigravity\bin
USERNAME=ASUS
OS=Windows_NT
PROCESSOR_IDENTIFIER=Intel64 Family 6 Model 140 Stepping 1, GenuineIntel
TMP=C:\Users\ASUS\AppData\Local\Temp
TEMP=C:\Users\ASUS\AppData\Local\Temp




---------------  S Y S T E M  ---------------

OS:
 Windows 11 , 64 bit Build 26100 (10.0.26100.7920)
OS uptime: 1 days 5:17 hours
Hyper-V role detected

CPU: total 4 (initial active 4) (2 cores per cpu, 2 threads per core) family 6 model 140 stepping 1 microcode 0xa6, cx8, cmov, fxsr, ht, mmx, 3dnowpref, sse, sse2, sse3, ssse3, sse4.1, sse4.2, popcnt, lzcnt, tsc, tscinvbit, avx, avx2, aes, erms, clmul, bmi1, bmi2, adx, avx512f, avx512dq, avx512cd, avx512bw, avx512vl, sha, fma, vzeroupper, avx512_vpopcntdq, avx512_vpclmulqdq, avx512_vaes, avx512_vnni, clflush, clflushopt, clwb, avx512_vbmi2, avx512_vbmi, hv, rdtscp, rdpid, fsrm, gfni, avx512_bitalg, f16c, cet_ibt, cet_ss, avx512_ifma

Memory: 4k page, system-wide physical 16078M (1871M free)
TotalPageFile size 31264M (AvailPageFile size 4M)
current process WorkingSet (physical memory assigned to process): 286M, peak: 298M
current process commit charge ("private bytes"): 320M, peak: 420M

vm_info: Java HotSpot(TM) 64-Bit Server VM (20.0.2+9-78) for windows-amd64 JRE (20.0.2+9-78), built on 2023-06-14T10:08:48Z by "mach5one" with MS VC++ 17.1 (VS2022)

END.
